#
# There is insufficient memory for the Java Runtime Environment to continue.
# Native memory allocation (mmap) failed to map 65536 bytes for Failed to commit metaspace.
# Possible reasons:
#   The system is out of physical RAM or swap space
#   The process is running with CompressedOops enabled, and the Java Heap may be blocking the growth of the native heap
# Possible solutions:
#   Reduce memory load on the system
#   Increase physical memory or swap space
#   Check if swap backing store is full
#   Decrease Java heap size (-Xmx/-Xms)
#   Decrease number of Java threads
#   Decrease Java thread stack sizes (-Xss)
#   Set larger code cache with -XX:ReservedCodeCacheSize=
#   JVM is running with Unscaled Compressed Oops mode in which the Java heap is
#     placed in the first 4GB address space. The Java Heap base address is the
#     maximum limit for the native heap growth. Please use -XX:HeapBaseMinAddress
#     to set the Java Heap base and to place the Java Heap above 4GB virtual address.
# This output file may be truncated or incomplete.
#
#  Out of Memory Error (virtualSpaceNode.cpp:112), pid=11872, tid=22448
#
# JRE version: Java(TM) SE Runtime Environment (21.0.6+8) (build 21.0.6+8-LTS-188)
# Java VM: Java HotSpot(TM) 64-Bit Server VM (21.0.6+8-LTS-188, mixed mode, sharing, tiered, compressed oops, compressed class ptrs, g1 gc, windows-amd64)
# No core dump will be written. Minidumps are not enabled by default on client versions of Windows
#

---------------  S U M M A R Y ------------

Command Line: -ea -Didea.test.cyclic.buffer.size=1048576 -javaagent:C:\Program Files\JetBrains\IntelliJ IDEA 2024.3.2.2\lib\idea_rt.jar=55953:C:\Program Files\JetBrains\IntelliJ IDEA 2024.3.2.2\bin -javaagent:C:\Users\21628\AppData\Local\JetBrains\IntelliJIdea2024.3\captureAgent\debugger-agent.jar -Dkotlinx.coroutines.debug.enable.creation.stack.trace=false -Ddebugger.agent.enable.coroutines=true -Dkotlinx.coroutines.debug.enable.flows.stack.trace=true -Dkotlinx.coroutines.debug.enable.mutable.state.flows.stack.trace=true -Dfile.encoding=UTF-8 -Dsun.stdout.encoding=UTF-8 -Dsun.stderr.encoding=UTF-8 com.intellij.rt.junit.JUnitStarter -ideVersion5 -junit5 ecommerce.rj.ECommerceApplicationTests

Host: 11th Gen Intel(R) Core(TM) i5-11400H @ 2.70GHz, 12 cores, 7G,  Windows 11 , 64 bit Build 22621 (10.0.22621.4830)
Time: Tue Feb 18 20:36:47 2025 W. Central Africa Standard Time elapsed time: 0.211975 seconds (0d 0h 0m 0s)

---------------  T H R E A D  ---------------

Current thread (0x00000257d659e0d0):  JavaThread "Attach Listener" daemon [_thread_in_vm, id=22448, stack(0x000000b843c00000,0x000000b843d00000) (1024K)]

Stack: [0x000000b843c00000,0x000000b843d00000]
Native frames: (J=compiled Java code, j=interpreted, Vv=VM code, C=native code)
V  [jvm.dll+0x6ca6d9]
V  [jvm.dll+0x854f51]
V  [jvm.dll+0x85747e]
V  [jvm.dll+0x857b53]
V  [jvm.dll+0x27dcc6]
V  [jvm.dll+0x850b6e]
V  [jvm.dll+0x66e3e5]
V  [jvm.dll+0x66e44a]
V  [jvm.dll+0x670c65]
V  [jvm.dll+0x670b32]
V  [jvm.dll+0x66edbe]
V  [jvm.dll+0x2681ef]
V  [jvm.dll+0x679135]
V  [jvm.dll+0x214cb1]
V  [jvm.dll+0x21513a]
V  [jvm.dll+0x215b61]
V  [jvm.dll+0x20affe]
V  [jvm.dll+0x5ad2ec]
V  [jvm.dll+0x21c79a]
V  [jvm.dll+0x7ce79c]
V  [jvm.dll+0x7cf7c4]
V  [jvm.dll+0x7cfd92]
V  [jvm.dll+0x7cfa18]
V  [jvm.dll+0x26bb6b]
V  [jvm.dll+0x3d2c1e]
C  0x00000257c8edb23f

The last pc belongs to new (printed below).
Java frames: (J=compiled Java code, j=interpreted, Vv=VM code)
j  sun.util.cldr.CLDRLocaleProviderAdapter.<clinit>()V+0 java.base@21.0.6
v  ~StubRoutines::call_stub 0x00000257c8ec10e7
j  java.lang.Class.forName0(Ljava/lang/String;ZLjava/lang/ClassLoader;Ljava/lang/Class;)Ljava/lang/Class;+0 java.base@21.0.6
j  java.lang.Class.forName(Ljava/lang/String;Ljava/lang/Class;)Ljava/lang/Class;+19 java.base@21.0.6
j  java.lang.Class.forName(Ljava/lang/String;)Ljava/lang/Class;+6 java.base@21.0.6
j  sun.util.locale.provider.LocaleProviderAdapter.forType(Lsun/util/locale/provider/LocaleProviderAdapter$Type;)Lsun/util/locale/provider/LocaleProviderAdapter;+61 java.base@21.0.6
j  sun.util.locale.provider.LocaleServiceProviderPool.findProviders(Ljava/util/Locale;Z)Ljava/util/List;+52 java.base@21.0.6
j  sun.util.locale.provider.LocaleServiceProviderPool.getLocalizedObjectImpl(Lsun/util/locale/provider/LocaleServiceProviderPool$LocalizedObjectGetter;Ljava/util/Locale;ZLjava/lang/String;[Ljava/lang/Object;)Ljava/lang/Object;+53 java.base@21.0.6
j  sun.util.locale.provider.LocaleServiceProviderPool.getLocalizedObject(Lsun/util/locale/provider/LocaleServiceProviderPool$LocalizedObjectGetter;Ljava/util/Locale;Ljava/lang/String;[Ljava/lang/Object;)Ljava/lang/Object;+7 java.base@21.0.6
j  sun.util.locale.provider.TimeZoneNameUtility.retrieveDisplayNamesImpl(Ljava/lang/String;Ljava/util/Locale;)[Ljava/lang/String;+140 java.base@21.0.6
j  sun.util.locale.provider.TimeZoneNameUtility.retrieveDisplayName(Ljava/lang/String;ZILjava/util/Locale;)Ljava/lang/String;+2 java.base@21.0.6
j  java.util.TimeZone.getDisplayName(ZILjava/util/Locale;)Ljava/lang/String;+47 java.base@21.0.6
j  java.util.Date.toString()Ljava/lang/String;+150 java.base@21.0.6
j  java.lang.String.valueOf(Ljava/lang/Object;)Ljava/lang/String;+11 java.base@21.0.6
j  java.lang.StringBuilder.append(Ljava/lang/Object;)Ljava/lang/StringBuilder;+2 java.base@21.0.6
j  java.util.Properties.writeDateComment(Ljava/io/BufferedWriter;)V+43 java.base@21.0.6
j  java.util.Properties.store0(Ljava/io/BufferedWriter;Ljava/lang/String;Z)V+10 java.base@21.0.6
j  java.util.Properties.store(Ljava/io/OutputStream;Ljava/lang/String;)V+21 java.base@21.0.6
j  jdk.internal.vm.VMSupport.serializePropertiesToByteArray(Ljava/util/Properties;)[B+14 java.base@21.0.6
j  jdk.internal.vm.VMSupport.serializeAgentPropertiesToByteArray()[B+6 java.base@21.0.6
v  ~StubRoutines::call_stub 0x00000257c8ec10e7
new  187 new  [0x00000257c8edb0c0, 0x00000257c8edb2c8]  520 bytes
[MachCode]
  0x00000257c8edb0c0: 4883 ec08 | c5fa 1104 | 24eb 1f48 | 83ec 10c5 | fb11 0424 | eb14 4883 | ec10 4889 | 0424 48c7 
  0x00000257c8edb0e0: 4424 0800 | 0000 00eb | 0150 410f | b755 010f | cac1 ea10 | 488b 4de8 | 488b 4908 | 488b 4908 
  0x00000257c8edb100: 488b 4108 | 807c 1004 | 070f 85d3 | 0000 0066 | 8b54 d148 | 488b 4928 | 488b 4cd1 | 0851 80b9 
  0x00000257c8edb120: 2101 0000 | 040f 85b6 | 0000 008b | 5108 f6c2 | 010f 85aa | 0000 0049 | 8b87 b801 | 0000 488d 
  0x00000257c8edb140: 1c10 493b | 9fc8 0100 | 000f 8792 | 0000 0049 | 899f b801 | 0000 4883 | ea10 0f84 | 0f00 0000 
  0x00000257c8edb160: 33c9 c1ea | 0348 894c | d008 48ff | ca75 f648 | c700 0100 | 0000 5933 | f689 700c | 49ba 0000 
  0x00000257c8edb180: 00d7 5702 | 0000 492b | ca89 4808 | 49ba e157 | c27e ff7f | 0000 4180 | 3a00 0f84 | 3c00 0000 
  0x00000257c8edb1a0: 5048 8bc8 | 4883 ec20 | 40f6 c40f | 0f84 1900 | 0000 4883 | ec08 48b8 | c005 737e | ff7f 0000 
  0x00000257c8edb1c0: ffd0 4883 | c408 e90c | 0000 0048 | b8c0 0573 | 7eff 7f00 | 00ff d048 | 83c4 2058 | e9cb 0000 
  0x00000257c8edb1e0: 0059 488b | 55e8 488b | 5208 488b | 5208 450f | b745 0141 | 0fc8 41c1 | e810 e805 | 0000 00e9 
  0x00000257c8edb200: a800 0000 | 488d 4424 | 084c 896d | c049 8bcf | c5f8 7749 | 89af a803 | 0000 4989 | 8798 0300 
  0x00000257c8edb220: 0048 83ec | 2040 f6c4 | 0f0f 8419 | 0000 0048 | 83ec 0848 | b8d0 2b3d | 7eff 7f00 | 00ff d048 
  0x00000257c8edb240: 83c4 08e9 | 0c00 0000 | 48b8 d02b | 3d7e ff7f | 0000 ffd0 | 4883 c420 | 49c7 8798 | 0300 0000 
  0x00000257c8edb260: 0000 0049 | c787 a803 | 0000 0000 | 0000 49c7 | 87a0 0300 | 0000 0000 | 00c5 f877 | 4983 7f08 
  0x00000257c8edb280: 000f 8405 | 0000 00e9 | 745c feff | 498b 87f0 | 0300 0049 | c787 f003 | 0000 0000 | 0000 4c8b 
  0x00000257c8edb2a0: 6dc0 4c8b | 75c8 4e8d | 74f5 00c3 | 410f b65d | 0349 83c5 | 0349 ba10 | 1cc5 7eff | 7f00 0041 
  0x00000257c8edb2c0: ff24 da0f | 1f44 0000 
[/MachCode]

---------------  P R O C E S S  ---------------

Threads class SMR info:
_java_thread_list=0x00000257d6efebc0, length=13, elements={
0x00000257b7b20890, 0x00000257d6598130, 0x00000257d659af40, 0x00000257d659d0b0,
0x00000257d659e0d0, 0x00000257d659ec10, 0x00000257d65a88a0, 0x00000257d6b24530,
0x00000257d6b24fc0, 0x00000257d6c06700, 0x00000257d6d08000, 0x00000257d6e1a550,
0x000002581c0a71e0
}

Java Threads: ( => current thread )
  0x00000257b7b20890 JavaThread "main"                              [_thread_in_vm, id=22792, stack(0x000000b843100000,0x000000b843200000) (1024K)]
  0x00000257d6598130 JavaThread "Reference Handler"          daemon [_thread_blocked, id=5884, stack(0x000000b843900000,0x000000b843a00000) (1024K)]
  0x00000257d659af40 JavaThread "Finalizer"                  daemon [_thread_blocked, id=6720, stack(0x000000b843a00000,0x000000b843b00000) (1024K)]
  0x00000257d659d0b0 JavaThread "Signal Dispatcher"          daemon [_thread_blocked, id=19104, stack(0x000000b843b00000,0x000000b843c00000) (1024K)]
=>0x00000257d659e0d0 JavaThread "Attach Listener"            daemon [_thread_in_vm, id=22448, stack(0x000000b843c00000,0x000000b843d00000) (1024K)]
  0x00000257d659ec10 JavaThread "Service Thread"             daemon [_thread_blocked, id=19376, stack(0x000000b843d00000,0x000000b843e00000) (1024K)]
  0x00000257d65a88a0 JavaThread "Monitor Deflation Thread"   daemon [_thread_blocked, id=12652, stack(0x000000b843e00000,0x000000b843f00000) (1024K)]
  0x00000257d6b24530 JavaThread "C2 CompilerThread0"         daemon [_thread_blocked, id=22964, stack(0x000000b843f00000,0x000000b844000000) (1024K)]
  0x00000257d6b24fc0 JavaThread "C1 CompilerThread0"         daemon [_thread_in_vm, id=17912, stack(0x000000b844000000,0x000000b844100000) (1024K)]
  0x00000257d6c06700 JavaThread "Common-Cleaner"             daemon [_thread_blocked, id=12688, stack(0x000000b844100000,0x000000b844200000) (1024K)]
  0x00000257d6d08000 JavaThread "Monitor Ctrl-Break"         daemon [_thread_in_native, id=4772, stack(0x000000b844200000,0x000000b844300000) (1024K)]
  0x00000257d6e1a550 JavaThread "Notification Thread"        daemon [_thread_blocked, id=8328, stack(0x000000b844300000,0x000000b844400000) (1024K)]
  0x000002581c0a71e0 JavaThread "C2 CompilerThread1"         daemon [_thread_blocked, id=1444, stack(0x000000b844400000,0x000000b844500000) (1024K)]
Total: 13

Other Threads:
  0x00000257d657d330 VMThread "VM Thread"                           [id=23068, stack(0x000000b843800000,0x000000b843900000) (1024K)]
  0x00000257d6569cc0 WatcherThread "VM Periodic Task Thread"        [id=2584, stack(0x000000b843700000,0x000000b843800000) (1024K)]
  0x00000257b7dc90f0 WorkerThread "GC Thread#0"                     [id=9824, stack(0x000000b843200000,0x000000b843300000) (1024K)]
  0x00000257b7bddd90 ConcurrentGCThread "G1 Main Marker"            [id=16124, stack(0x000000b843300000,0x000000b843400000) (1024K)]
  0x00000257b7bde890 WorkerThread "G1 Conc#0"                       [id=23372, stack(0x000000b843400000,0x000000b843500000) (1024K)]
  0x00000257b7e1e950 ConcurrentGCThread "G1 Refine#0"               [id=2692, stack(0x000000b843500000,0x000000b843600000) (1024K)]
  0x00000257d643a610 ConcurrentGCThread "G1 Service"                [id=19072, stack(0x000000b843600000,0x000000b843700000) (1024K)]
Total: 7

Threads with active compile tasks:
C1 CompilerThread0      234  426       3       java.lang.ref.WeakReference::<init> (7 bytes)
Total: 1

VM state: not at safepoint (normal execution)

VM Mutex/Monitor currently owned by a thread:  ([mutex/lock_event])
[0x00007fff7ec3be18] Metaspace_lock - owner thread: 0x00000257d659e0d0

Heap address: 0x0000000084400000, size: 1980 MB, Compressed Oops mode: 32-bit

CDS archive(s) mapped at: [0x00000257d7000000-0x00000257d7c90000-0x00000257d7c90000), size 13172736, SharedBaseAddress: 0x00000257d7000000, ArchiveRelocationMode: 1.
Compressed class space mapped at: 0x00000257d8000000-0x0000025818000000, reserved size: 1073741824
Narrow klass base: 0x00000257d7000000, Narrow klass shift: 0, Narrow klass range: 0x100000000

GC Precious Log:
 CardTable entry size: 512
 Card Set container configuration: InlinePtr #cards 5 size 8 Array Of Cards #cards 12 size 40 Howl #buckets 4 coarsen threshold 1843 Howl Bitmap #cards 512 size 80 coarsen threshold 460 Card regions per heap region 1 cards per card region 2048
 CPUs: 12 total, 12 available
 Memory: 7913M
 Large Page Support: Disabled
 NUMA Support: Disabled
 Compressed Oops: Enabled (32-bit)
 Heap Region Size: 1M
 Heap Min Capacity: 8M
 Heap Initial Capacity: 124M
 Heap Max Capacity: 1980M
 Pre-touch: Disabled
 Parallel Workers: 10
 Concurrent Workers: 3
 Concurrent Refinement Workers: 10
 Periodic GC: Disabled

Heap:
 garbage-first heap   total 126976K, used 9216K [0x0000000084400000, 0x0000000100000000)
  region size 1024K, 8 young (8192K), 0 survivors (0K)
 Metaspace       used 2208K, committed 2304K, reserved 1114112K
  class space    used 177K, committed 256K, reserved 1048576K

Heap Regions: E=young(eden), S=young(survivor), O=old, HS=humongous(starts), HC=humongous(continues), CS=collection set, F=free, TAMS=top-at-mark-start, PB=parsable bottom
|   0|0x0000000084400000, 0x0000000084500000, 0x0000000084500000|100%|HS|  |TAMS 0x0000000084400000| PB 0x0000000084400000| Complete 
|   1|0x0000000084500000, 0x0000000084600000, 0x0000000084600000|100%|HS|  |TAMS 0x0000000084500000| PB 0x0000000084500000| Complete 
|   2|0x0000000084600000, 0x0000000084600000, 0x0000000084700000|  0%| F|  |TAMS 0x0000000084600000| PB 0x0000000084600000| Untracked 
|   3|0x0000000084700000, 0x0000000084700000, 0x0000000084800000|  0%| F|  |TAMS 0x0000000084700000| PB 0x0000000084700000| Untracked 
|   4|0x0000000084800000, 0x0000000084800000, 0x0000000084900000|  0%| F|  |TAMS 0x0000000084800000| PB 0x0000000084800000| Untracked 
|   5|0x0000000084900000, 0x0000000084900000, 0x0000000084a00000|  0%| F|  |TAMS 0x0000000084900000| PB 0x0000000084900000| Untracked 
|   6|0x0000000084a00000, 0x0000000084a00000, 0x0000000084b00000|  0%| F|  |TAMS 0x0000000084a00000| PB 0x0000000084a00000| Untracked 
|   7|0x0000000084b00000, 0x0000000084b00000, 0x0000000084c00000|  0%| F|  |TAMS 0x0000000084b00000| PB 0x0000000084b00000| Untracked 
|   8|0x0000000084c00000, 0x0000000084c00000, 0x0000000084d00000|  0%| F|  |TAMS 0x0000000084c00000| PB 0x0000000084c00000| Untracked 
|   9|0x0000000084d00000, 0x0000000084d00000, 0x0000000084e00000|  0%| F|  |TAMS 0x0000000084d00000| PB 0x0000000084d00000| Untracked 
|  10|0x0000000084e00000, 0x0000000084e00000, 0x0000000084f00000|  0%| F|  |TAMS 0x0000000084e00000| PB 0x0000000084e00000| Untracked 
|  11|0x0000000084f00000, 0x0000000084f00000, 0x0000000085000000|  0%| F|  |TAMS 0x0000000084f00000| PB 0x0000000084f00000| Untracked 
|  12|0x0000000085000000, 0x0000000085000000, 0x0000000085100000|  0%| F|  |TAMS 0x0000000085000000| PB 0x0000000085000000| Untracked 
|  13|0x0000000085100000, 0x0000000085100000, 0x0000000085200000|  0%| F|  |TAMS 0x0000000085100000| PB 0x0000000085100000| Untracked 
|  14|0x0000000085200000, 0x0000000085200000, 0x0000000085300000|  0%| F|  |TAMS 0x0000000085200000| PB 0x0000000085200000| Untracked 
|  15|0x0000000085300000, 0x0000000085300000, 0x0000000085400000|  0%| F|  |TAMS 0x0000000085300000| PB 0x0000000085300000| Untracked 
|  16|0x0000000085400000, 0x0000000085400000, 0x0000000085500000|  0%| F|  |TAMS 0x0000000085400000| PB 0x0000000085400000| Untracked 
|  17|0x0000000085500000, 0x0000000085500000, 0x0000000085600000|  0%| F|  |TAMS 0x0000000085500000| PB 0x0000000085500000| Untracked 
|  18|0x0000000085600000, 0x0000000085600000, 0x0000000085700000|  0%| F|  |TAMS 0x0000000085600000| PB 0x0000000085600000| Untracked 
|  19|0x0000000085700000, 0x0000000085700000, 0x0000000085800000|  0%| F|  |TAMS 0x0000000085700000| PB 0x0000000085700000| Untracked 
|  20|0x0000000085800000, 0x0000000085800000, 0x0000000085900000|  0%| F|  |TAMS 0x0000000085800000| PB 0x0000000085800000| Untracked 
|  21|0x0000000085900000, 0x0000000085900000, 0x0000000085a00000|  0%| F|  |TAMS 0x0000000085900000| PB 0x0000000085900000| Untracked 
|  22|0x0000000085a00000, 0x0000000085a00000, 0x0000000085b00000|  0%| F|  |TAMS 0x0000000085a00000| PB 0x0000000085a00000| Untracked 
|  23|0x0000000085b00000, 0x0000000085b00000, 0x0000000085c00000|  0%| F|  |TAMS 0x0000000085b00000| PB 0x0000000085b00000| Untracked 
|  24|0x0000000085c00000, 0x0000000085c00000, 0x0000000085d00000|  0%| F|  |TAMS 0x0000000085c00000| PB 0x0000000085c00000| Untracked 
|  25|0x0000000085d00000, 0x0000000085d00000, 0x0000000085e00000|  0%| F|  |TAMS 0x0000000085d00000| PB 0x0000000085d00000| Untracked 
|  26|0x0000000085e00000, 0x0000000085e00000, 0x0000000085f00000|  0%| F|  |TAMS 0x0000000085e00000| PB 0x0000000085e00000| Untracked 
|  27|0x0000000085f00000, 0x0000000085f00000, 0x0000000086000000|  0%| F|  |TAMS 0x0000000085f00000| PB 0x0000000085f00000| Untracked 
|  28|0x0000000086000000, 0x0000000086000000, 0x0000000086100000|  0%| F|  |TAMS 0x0000000086000000| PB 0x0000000086000000| Untracked 
|  29|0x0000000086100000, 0x0000000086100000, 0x0000000086200000|  0%| F|  |TAMS 0x0000000086100000| PB 0x0000000086100000| Untracked 
|  30|0x0000000086200000, 0x0000000086200000, 0x0000000086300000|  0%| F|  |TAMS 0x0000000086200000| PB 0x0000000086200000| Untracked 
|  31|0x0000000086300000, 0x0000000086300000, 0x0000000086400000|  0%| F|  |TAMS 0x0000000086300000| PB 0x0000000086300000| Untracked 
|  32|0x0000000086400000, 0x0000000086400000, 0x0000000086500000|  0%| F|  |TAMS 0x0000000086400000| PB 0x0000000086400000| Untracked 
|  33|0x0000000086500000, 0x0000000086500000, 0x0000000086600000|  0%| F|  |TAMS 0x0000000086500000| PB 0x0000000086500000| Untracked 
|  34|0x0000000086600000, 0x0000000086600000, 0x0000000086700000|  0%| F|  |TAMS 0x0000000086600000| PB 0x0000000086600000| Untracked 
|  35|0x0000000086700000, 0x0000000086700000, 0x0000000086800000|  0%| F|  |TAMS 0x0000000086700000| PB 0x0000000086700000| Untracked 
|  36|0x0000000086800000, 0x0000000086800000, 0x0000000086900000|  0%| F|  |TAMS 0x0000000086800000| PB 0x0000000086800000| Untracked 
|  37|0x0000000086900000, 0x0000000086900000, 0x0000000086a00000|  0%| F|  |TAMS 0x0000000086900000| PB 0x0000000086900000| Untracked 
|  38|0x0000000086a00000, 0x0000000086a00000, 0x0000000086b00000|  0%| F|  |TAMS 0x0000000086a00000| PB 0x0000000086a00000| Untracked 
|  39|0x0000000086b00000, 0x0000000086b00000, 0x0000000086c00000|  0%| F|  |TAMS 0x0000000086b00000| PB 0x0000000086b00000| Untracked 
|  40|0x0000000086c00000, 0x0000000086c00000, 0x0000000086d00000|  0%| F|  |TAMS 0x0000000086c00000| PB 0x0000000086c00000| Untracked 
|  41|0x0000000086d00000, 0x0000000086d00000, 0x0000000086e00000|  0%| F|  |TAMS 0x0000000086d00000| PB 0x0000000086d00000| Untracked 
|  42|0x0000000086e00000, 0x0000000086e00000, 0x0000000086f00000|  0%| F|  |TAMS 0x0000000086e00000| PB 0x0000000086e00000| Untracked 
|  43|0x0000000086f00000, 0x0000000086f00000, 0x0000000087000000|  0%| F|  |TAMS 0x0000000086f00000| PB 0x0000000086f00000| Untracked 
|  44|0x0000000087000000, 0x0000000087000000, 0x0000000087100000|  0%| F|  |TAMS 0x0000000087000000| PB 0x0000000087000000| Untracked 
|  45|0x0000000087100000, 0x0000000087100000, 0x0000000087200000|  0%| F|  |TAMS 0x0000000087100000| PB 0x0000000087100000| Untracked 
|  46|0x0000000087200000, 0x0000000087200000, 0x0000000087300000|  0%| F|  |TAMS 0x0000000087200000| PB 0x0000000087200000| Untracked 
|  47|0x0000000087300000, 0x0000000087300000, 0x0000000087400000|  0%| F|  |TAMS 0x0000000087300000| PB 0x0000000087300000| Untracked 
|  48|0x0000000087400000, 0x0000000087400000, 0x0000000087500000|  0%| F|  |TAMS 0x0000000087400000| PB 0x0000000087400000| Untracked 
|  49|0x0000000087500000, 0x0000000087500000, 0x0000000087600000|  0%| F|  |TAMS 0x0000000087500000| PB 0x0000000087500000| Untracked 
|  50|0x0000000087600000, 0x0000000087600000, 0x0000000087700000|  0%| F|  |TAMS 0x0000000087600000| PB 0x0000000087600000| Untracked 
|  51|0x0000000087700000, 0x0000000087700000, 0x0000000087800000|  0%| F|  |TAMS 0x0000000087700000| PB 0x0000000087700000| Untracked 
|  52|0x0000000087800000, 0x0000000087800000, 0x0000000087900000|  0%| F|  |TAMS 0x0000000087800000| PB 0x0000000087800000| Untracked 
|  53|0x0000000087900000, 0x0000000087900000, 0x0000000087a00000|  0%| F|  |TAMS 0x0000000087900000| PB 0x0000000087900000| Untracked 
|  54|0x0000000087a00000, 0x0000000087a00000, 0x0000000087b00000|  0%| F|  |TAMS 0x0000000087a00000| PB 0x0000000087a00000| Untracked 
|  55|0x0000000087b00000, 0x0000000087b00000, 0x0000000087c00000|  0%| F|  |TAMS 0x0000000087b00000| PB 0x0000000087b00000| Untracked 
|  56|0x0000000087c00000, 0x0000000087c00000, 0x0000000087d00000|  0%| F|  |TAMS 0x0000000087c00000| PB 0x0000000087c00000| Untracked 
|  57|0x0000000087d00000, 0x0000000087d00000, 0x0000000087e00000|  0%| F|  |TAMS 0x0000000087d00000| PB 0x0000000087d00000| Untracked 
|  58|0x0000000087e00000, 0x0000000087e00000, 0x0000000087f00000|  0%| F|  |TAMS 0x0000000087e00000| PB 0x0000000087e00000| Untracked 
|  59|0x0000000087f00000, 0x0000000087f00000, 0x0000000088000000|  0%| F|  |TAMS 0x0000000087f00000| PB 0x0000000087f00000| Untracked 
|  60|0x0000000088000000, 0x0000000088000000, 0x0000000088100000|  0%| F|  |TAMS 0x0000000088000000| PB 0x0000000088000000| Untracked 
|  61|0x0000000088100000, 0x0000000088100000, 0x0000000088200000|  0%| F|  |TAMS 0x0000000088100000| PB 0x0000000088100000| Untracked 
|  62|0x0000000088200000, 0x0000000088200000, 0x0000000088300000|  0%| F|  |TAMS 0x0000000088200000| PB 0x0000000088200000| Untracked 
|  63|0x0000000088300000, 0x0000000088300000, 0x0000000088400000|  0%| F|  |TAMS 0x0000000088300000| PB 0x0000000088300000| Untracked 
|  64|0x0000000088400000, 0x0000000088400000, 0x0000000088500000|  0%| F|  |TAMS 0x0000000088400000| PB 0x0000000088400000| Untracked 
|  65|0x0000000088500000, 0x0000000088500000, 0x0000000088600000|  0%| F|  |TAMS 0x0000000088500000| PB 0x0000000088500000| Untracked 
|  66|0x0000000088600000, 0x0000000088600000, 0x0000000088700000|  0%| F|  |TAMS 0x0000000088600000| PB 0x0000000088600000| Untracked 
|  67|0x0000000088700000, 0x0000000088700000, 0x0000000088800000|  0%| F|  |TAMS 0x0000000088700000| PB 0x0000000088700000| Untracked 
|  68|0x0000000088800000, 0x0000000088800000, 0x0000000088900000|  0%| F|  |TAMS 0x0000000088800000| PB 0x0000000088800000| Untracked 
|  69|0x0000000088900000, 0x0000000088900000, 0x0000000088a00000|  0%| F|  |TAMS 0x0000000088900000| PB 0x0000000088900000| Untracked 
|  70|0x0000000088a00000, 0x0000000088a00000, 0x0000000088b00000|  0%| F|  |TAMS 0x0000000088a00000| PB 0x0000000088a00000| Untracked 
|  71|0x0000000088b00000, 0x0000000088b00000, 0x0000000088c00000|  0%| F|  |TAMS 0x0000000088b00000| PB 0x0000000088b00000| Untracked 
|  72|0x0000000088c00000, 0x0000000088c00000, 0x0000000088d00000|  0%| F|  |TAMS 0x0000000088c00000| PB 0x0000000088c00000| Untracked 
|  73|0x0000000088d00000, 0x0000000088d00000, 0x0000000088e00000|  0%| F|  |TAMS 0x0000000088d00000| PB 0x0000000088d00000| Untracked 
|  74|0x0000000088e00000, 0x0000000088e00000, 0x0000000088f00000|  0%| F|  |TAMS 0x0000000088e00000| PB 0x0000000088e00000| Untracked 
|  75|0x0000000088f00000, 0x0000000088f00000, 0x0000000089000000|  0%| F|  |TAMS 0x0000000088f00000| PB 0x0000000088f00000| Untracked 
|  76|0x0000000089000000, 0x0000000089000000, 0x0000000089100000|  0%| F|  |TAMS 0x0000000089000000| PB 0x0000000089000000| Untracked 
|  77|0x0000000089100000, 0x0000000089100000, 0x0000000089200000|  0%| F|  |TAMS 0x0000000089100000| PB 0x0000000089100000| Untracked 
|  78|0x0000000089200000, 0x0000000089200000, 0x0000000089300000|  0%| F|  |TAMS 0x0000000089200000| PB 0x0000000089200000| Untracked 
|  79|0x0000000089300000, 0x0000000089300000, 0x0000000089400000|  0%| F|  |TAMS 0x0000000089300000| PB 0x0000000089300000| Untracked 
|  80|0x0000000089400000, 0x0000000089400000, 0x0000000089500000|  0%| F|  |TAMS 0x0000000089400000| PB 0x0000000089400000| Untracked 
|  81|0x0000000089500000, 0x0000000089500000, 0x0000000089600000|  0%| F|  |TAMS 0x0000000089500000| PB 0x0000000089500000| Untracked 
|  82|0x0000000089600000, 0x0000000089600000, 0x0000000089700000|  0%| F|  |TAMS 0x0000000089600000| PB 0x0000000089600000| Untracked 
|  83|0x0000000089700000, 0x0000000089700000, 0x0000000089800000|  0%| F|  |TAMS 0x0000000089700000| PB 0x0000000089700000| Untracked 
|  84|0x0000000089800000, 0x0000000089800000, 0x0000000089900000|  0%| F|  |TAMS 0x0000000089800000| PB 0x0000000089800000| Untracked 
|  85|0x0000000089900000, 0x0000000089900000, 0x0000000089a00000|  0%| F|  |TAMS 0x0000000089900000| PB 0x0000000089900000| Untracked 
|  86|0x0000000089a00000, 0x0000000089a00000, 0x0000000089b00000|  0%| F|  |TAMS 0x0000000089a00000| PB 0x0000000089a00000| Untracked 
|  87|0x0000000089b00000, 0x0000000089b00000, 0x0000000089c00000|  0%| F|  |TAMS 0x0000000089b00000| PB 0x0000000089b00000| Untracked 
|  88|0x0000000089c00000, 0x0000000089c00000, 0x0000000089d00000|  0%| F|  |TAMS 0x0000000089c00000| PB 0x0000000089c00000| Untracked 
|  89|0x0000000089d00000, 0x0000000089d00000, 0x0000000089e00000|  0%| F|  |TAMS 0x0000000089d00000| PB 0x0000000089d00000| Untracked 
|  90|0x0000000089e00000, 0x0000000089e00000, 0x0000000089f00000|  0%| F|  |TAMS 0x0000000089e00000| PB 0x0000000089e00000| Untracked 
|  91|0x0000000089f00000, 0x0000000089f00000, 0x000000008a000000|  0%| F|  |TAMS 0x0000000089f00000| PB 0x0000000089f00000| Untracked 
|  92|0x000000008a000000, 0x000000008a000000, 0x000000008a100000|  0%| F|  |TAMS 0x000000008a000000| PB 0x000000008a000000| Untracked 
|  93|0x000000008a100000, 0x000000008a100000, 0x000000008a200000|  0%| F|  |TAMS 0x000000008a100000| PB 0x000000008a100000| Untracked 
|  94|0x000000008a200000, 0x000000008a200000, 0x000000008a300000|  0%| F|  |TAMS 0x000000008a200000| PB 0x000000008a200000| Untracked 
|  95|0x000000008a300000, 0x000000008a300000, 0x000000008a400000|  0%| F|  |TAMS 0x000000008a300000| PB 0x000000008a300000| Untracked 
|  96|0x000000008a400000, 0x000000008a400000, 0x000000008a500000|  0%| F|  |TAMS 0x000000008a400000| PB 0x000000008a400000| Untracked 
|  97|0x000000008a500000, 0x000000008a500000, 0x000000008a600000|  0%| F|  |TAMS 0x000000008a500000| PB 0x000000008a500000| Untracked 
|  98|0x000000008a600000, 0x000000008a600000, 0x000000008a700000|  0%| F|  |TAMS 0x000000008a600000| PB 0x000000008a600000| Untracked 
|  99|0x000000008a700000, 0x000000008a700000, 0x000000008a800000|  0%| F|  |TAMS 0x000000008a700000| PB 0x000000008a700000| Untracked 
| 100|0x000000008a800000, 0x000000008a800000, 0x000000008a900000|  0%| F|  |TAMS 0x000000008a800000| PB 0x000000008a800000| Untracked 
| 101|0x000000008a900000, 0x000000008a900000, 0x000000008aa00000|  0%| F|  |TAMS 0x000000008a900000| PB 0x000000008a900000| Untracked 
| 102|0x000000008aa00000, 0x000000008aa00000, 0x000000008ab00000|  0%| F|  |TAMS 0x000000008aa00000| PB 0x000000008aa00000| Untracked 
| 103|0x000000008ab00000, 0x000000008ab00000, 0x000000008ac00000|  0%| F|  |TAMS 0x000000008ab00000| PB 0x000000008ab00000| Untracked 
| 104|0x000000008ac00000, 0x000000008ac00000, 0x000000008ad00000|  0%| F|  |TAMS 0x000000008ac00000| PB 0x000000008ac00000| Untracked 
| 105|0x000000008ad00000, 0x000000008ad00000, 0x000000008ae00000|  0%| F|  |TAMS 0x000000008ad00000| PB 0x000000008ad00000| Untracked 
| 106|0x000000008ae00000, 0x000000008ae00000, 0x000000008af00000|  0%| F|  |TAMS 0x000000008ae00000| PB 0x000000008ae00000| Untracked 
| 107|0x000000008af00000, 0x000000008af00000, 0x000000008b000000|  0%| F|  |TAMS 0x000000008af00000| PB 0x000000008af00000| Untracked 
| 108|0x000000008b000000, 0x000000008b000000, 0x000000008b100000|  0%| F|  |TAMS 0x000000008b000000| PB 0x000000008b000000| Untracked 
| 109|0x000000008b100000, 0x000000008b100000, 0x000000008b200000|  0%| F|  |TAMS 0x000000008b100000| PB 0x000000008b100000| Untracked 
| 110|0x000000008b200000, 0x000000008b200000, 0x000000008b300000|  0%| F|  |TAMS 0x000000008b200000| PB 0x000000008b200000| Untracked 
| 111|0x000000008b300000, 0x000000008b300000, 0x000000008b400000|  0%| F|  |TAMS 0x000000008b300000| PB 0x000000008b300000| Untracked 
| 112|0x000000008b400000, 0x000000008b400000, 0x000000008b500000|  0%| F|  |TAMS 0x000000008b400000| PB 0x000000008b400000| Untracked 
| 113|0x000000008b500000, 0x000000008b500000, 0x000000008b600000|  0%| F|  |TAMS 0x000000008b500000| PB 0x000000008b500000| Untracked 
| 114|0x000000008b600000, 0x000000008b600000, 0x000000008b700000|  0%| F|  |TAMS 0x000000008b600000| PB 0x000000008b600000| Untracked 
| 115|0x000000008b700000, 0x000000008b700000, 0x000000008b800000|  0%| F|  |TAMS 0x000000008b700000| PB 0x000000008b700000| Untracked 
| 116|0x000000008b800000, 0x000000008b818928, 0x000000008b900000|  9%| E|  |TAMS 0x000000008b800000| PB 0x000000008b800000| Complete 
| 117|0x000000008b900000, 0x000000008ba00000, 0x000000008ba00000|100%| E|CS|TAMS 0x000000008b900000| PB 0x000000008b900000| Complete 
| 118|0x000000008ba00000, 0x000000008bb00000, 0x000000008bb00000|100%| E|CS|TAMS 0x000000008ba00000| PB 0x000000008ba00000| Complete 
| 119|0x000000008bb00000, 0x000000008bc00000, 0x000000008bc00000|100%| E|CS|TAMS 0x000000008bb00000| PB 0x000000008bb00000| Complete 
| 120|0x000000008bc00000, 0x000000008bd00000, 0x000000008bd00000|100%| E|CS|TAMS 0x000000008bc00000| PB 0x000000008bc00000| Complete 
| 121|0x000000008bd00000, 0x000000008be00000, 0x000000008be00000|100%| E|CS|TAMS 0x000000008bd00000| PB 0x000000008bd00000| Complete 
| 122|0x000000008be00000, 0x000000008bf00000, 0x000000008bf00000|100%| E|CS|TAMS 0x000000008be00000| PB 0x000000008be00000| Complete 
| 123|0x000000008bf00000, 0x000000008c000000, 0x000000008c000000|100%| E|CS|TAMS 0x000000008bf00000| PB 0x000000008bf00000| Complete 

Card table byte_map: [0x00000257d1a00000,0x00000257d1de0000] _byte_map_base: 0x00000257d15de000

Marking Bits: (CMBitMap*) 0x00000257b7dc97f0
 Bits: [0x00000257d1de0000, 0x00000257d3cd0000)

Polling page: 0x00000257b7ac0000

Metaspace:

Usage:
  Non-class:      1.98 MB used.
      Class:    177.94 KB used.
       Both:      2.16 MB used.

Virtual space:
  Non-class space:       64.00 MB reserved,       2.00 MB (  3%) committed,  1 nodes.
      Class space:        1.00 GB reserved,     256.00 KB ( <1%) committed,  1 nodes.
             Both:        1.06 GB reserved,       2.25 MB ( <1%) committed. 

Chunk freelists:
   Non-Class:  11.94 MB
       Class:  15.73 MB
        Both:  27.67 MB

MaxMetaspaceSize: unlimited
CompressedClassSpaceSize: 1.00 GB
Initial GC threshold: 21.00 MB
Current GC threshold: 21.00 MB
CDS: on
 - commit_granule_bytes: 65536.
 - commit_granule_words: 8192.
 - virtual_space_node_default_size: 8388608.
 - enlarge_chunks_in_place: 1.
 - use_allocation_guard: 0.


Internal statistics:

num_allocs_failed_limit: 0.
num_arena_births: 24.
num_arena_deaths: 0.
num_vsnodes_births: 2.
num_vsnodes_deaths: 0.
num_space_committed: 36.
num_space_uncommitted: 0.
num_chunks_returned_to_freelist: 0.
num_chunks_taken_from_freelist: 31.
num_chunk_merges: 0.
num_chunk_splits: 21.
num_chunks_enlarged: 14.
num_inconsistent_stats: 0.

CodeHeap 'non-profiled nmethods': size=120000Kb used=162Kb max_used=162Kb free=119837Kb
 bounds [0x00000257c9460000, 0x00000257c96d0000, 0x00000257d0990000]
CodeHeap 'profiled nmethods': size=120000Kb used=542Kb max_used=542Kb free=119457Kb
 bounds [0x00000257c1990000, 0x00000257c1c00000, 0x00000257c8ec0000]
CodeHeap 'non-nmethods': size=5760Kb used=1436Kb max_used=1466Kb free=4323Kb
 bounds [0x00000257c8ec0000, 0x00000257c9130000, 0x00000257c9460000]
 total_blobs=852 nmethods=426 adapters=331
 compilation: enabled
              stopped_count=0, restarted_count=0
 full_count=0

Compilation events (20 events):
Event: 0.208 Thread 0x00000257d6b24fc0 nmethod 407 0x00000257c1a14190 code [0x00000257c1a14340, 0x00000257c1a145a0]
Event: 0.208 Thread 0x00000257d6b24fc0  408       3       java.lang.Integer::compare (20 bytes)
Event: 0.208 Thread 0x00000257d6b24fc0 nmethod 408 0x00000257c1a14690 code [0x00000257c1a14840, 0x00000257c1a14a18]
Event: 0.208 Thread 0x00000257d6b24fc0  409       1       java.util.jar.Attributes$Name::hashCode (5 bytes)
Event: 0.208 Thread 0x00000257d6b24fc0 nmethod 409 0x00000257c9484490 code [0x00000257c9484620, 0x00000257c94846e8]
Event: 0.209 Thread 0x00000257d6b24fc0  410       3       java.util.ArrayList::add (25 bytes)
Event: 0.209 Thread 0x00000257d6b24fc0 nmethod 410 0x00000257c1a14a90 code [0x00000257c1a14c60, 0x00000257c1a15088]
Event: 0.209 Thread 0x00000257d6b24fc0  411       3       java.util.ArrayList::add (23 bytes)
Event: 0.209 Thread 0x00000257d6b24fc0 nmethod 411 0x00000257c1a15290 code [0x00000257c1a15460, 0x00000257c1a15808]
Event: 0.209 Thread 0x00000257d6b24fc0  412       3       java.lang.StringBuilder::append (10 bytes)
Event: 0.209 Thread 0x00000257d6b24fc0 nmethod 412 0x00000257c1a15990 code [0x00000257c1a15b40, 0x00000257c1a15c90]
Event: 0.209 Thread 0x00000257d6b24fc0  413       3       sun.nio.fs.WindowsPathParser::nextNonSlash (24 bytes)
Event: 0.210 Thread 0x00000257d6b24530  414       4       java.lang.CharacterDataLatin1::toLowerCase (44 bytes)
Event: 0.210 Thread 0x00000257d6b24fc0 nmethod 413 0x00000257c1a15d90 code [0x00000257c1a15fa0, 0x00000257c1a166d0]
Event: 0.210 Thread 0x000002581c0a71e0 nmethod 394 0x00000257c9484790 code [0x00000257c9484940, 0x00000257c9484ee8]
Event: 0.210 Thread 0x00000257d6b24fc0  415       3       jdk.internal.ref.CleanerImpl::getCleanerImpl (13 bytes)
Event: 0.210 Thread 0x00000257d6b24530 nmethod 414 0x00000257c9485090 code [0x00000257c9485220, 0x00000257c94852e0]
Event: 0.210 Thread 0x00000257d6b24fc0 nmethod 415 0x00000257c1a16a10 code [0x00000257c1a16bc0, 0x00000257c1a16e80]
Event: 0.210 Thread 0x00000257d6b24fc0  416       3       java.lang.ref.Cleaner$1::apply (9 bytes)
Event: 0.210 Thread 0x00000257d6b24fc0 nmethod 416 0x00000257c1a16f90 code [0x00000257c1a17140, 0x00000257c1a173b0]

GC Heap History (0 events):
No events

Dll operation events (9 events):
Event: 0.012 Loaded shared library C:\Program Files\Java\jdk-21\bin\java.dll
Event: 0.013 Loaded shared library C:\Program Files\Java\jdk-21\bin\zip.dll
Event: 0.045 Loaded shared library C:\Program Files\Java\jdk-21\bin\jsvml.dll
Event: 0.118 Loaded shared library C:\Program Files\Java\jdk-21\bin\instrument.dll
Event: 0.122 Loaded shared library C:\Program Files\Java\jdk-21\bin\net.dll
Event: 0.123 Loaded shared library C:\Program Files\Java\jdk-21\bin\nio.dll
Event: 0.127 Loaded shared library C:\Program Files\Java\jdk-21\bin\zip.dll
Event: 0.141 Loaded shared library C:\Program Files\JetBrains\IntelliJ IDEA 2024.3.2.2\bin\breakgen64.dll
Event: 0.161 Loaded shared library C:\Program Files\Java\jdk-21\bin\extnet.dll

Deoptimization events (20 events):
Event: 0.160 Thread 0x00000257b7b20890 Uncommon trap: trap_request=0xffffffde fr.pc=0x00000257c94713f0 relative=0x0000000000000930
Event: 0.160 Thread 0x00000257b7b20890 Uncommon trap: reason=class_check action=maybe_recompile pc=0x00000257c94713f0 method=java.util.HashMap.putVal(ILjava/lang/Object;Ljava/lang/Object;ZZ)Ljava/lang/Object; @ 152 c2
Event: 0.160 Thread 0x00000257b7b20890 DEOPT PACKING pc=0x00000257c94713f0 sp=0x000000b8431fcb10
Event: 0.160 Thread 0x00000257b7b20890 DEOPT UNPACKING pc=0x00000257c8f17da2 sp=0x000000b8431fcaa0 mode 2
Event: 0.172 Thread 0x00000257b7b20890 Uncommon trap: trap_request=0xffffff45 fr.pc=0x00000257c946340c relative=0x000000000000006c
Event: 0.172 Thread 0x00000257b7b20890 Uncommon trap: reason=unstable_if action=reinterpret pc=0x00000257c946340c method=java.lang.String.isLatin1()Z @ 10 c2
Event: 0.172 Thread 0x00000257b7b20890 DEOPT PACKING pc=0x00000257c946340c sp=0x000000b8431fe350
Event: 0.172 Thread 0x00000257b7b20890 DEOPT UNPACKING pc=0x00000257c8f17da2 sp=0x000000b8431fe2e0 mode 2
Event: 0.172 Thread 0x00000257b7b20890 Uncommon trap: trap_request=0xffffff45 fr.pc=0x00000257c9462260 relative=0x00000000000000c0
Event: 0.172 Thread 0x00000257b7b20890 Uncommon trap: reason=unstable_if action=reinterpret pc=0x00000257c9462260 method=java.lang.String.isLatin1()Z @ 10 c2
Event: 0.172 Thread 0x00000257b7b20890 DEOPT PACKING pc=0x00000257c9462260 sp=0x000000b8431fed80
Event: 0.172 Thread 0x00000257b7b20890 DEOPT UNPACKING pc=0x00000257c8f17da2 sp=0x000000b8431fecc0 mode 2
Event: 0.172 Thread 0x00000257b7b20890 Uncommon trap: trap_request=0xffffff45 fr.pc=0x00000257c94780b8 relative=0x00000000000004d8
Event: 0.172 Thread 0x00000257b7b20890 Uncommon trap: reason=unstable_if action=reinterpret pc=0x00000257c94780b8 method=java.lang.StringLatin1.replace([BCC)Ljava/lang/String; @ 19 c2
Event: 0.172 Thread 0x00000257b7b20890 DEOPT PACKING pc=0x00000257c94780b8 sp=0x000000b8431ff090
Event: 0.172 Thread 0x00000257b7b20890 DEOPT UNPACKING pc=0x00000257c8f17da2 sp=0x000000b8431ff010 mode 2
Event: 0.181 Thread 0x00000257b7b20890 DEOPT PACKING pc=0x00000257c199c078 sp=0x000000b8431f9ef0
Event: 0.181 Thread 0x00000257b7b20890 DEOPT UNPACKING pc=0x00000257c8f188e2 sp=0x000000b8431f9310 mode 0
Event: 0.190 Thread 0x00000257b7b20890 DEOPT PACKING pc=0x00000257c1999a58 sp=0x000000b8431fa2e0
Event: 0.190 Thread 0x00000257b7b20890 DEOPT UNPACKING pc=0x00000257c8f188e2 sp=0x000000b8431f9748 mode 0

Classes loaded (20 events):
Event: 0.206 Loading class java/util/spi/CurrencyNameProvider done
Event: 0.206 Loading class java/util/spi/LocaleNameProvider
Event: 0.206 Loading class java/util/spi/LocaleNameProvider done
Event: 0.206 Loading class java/util/spi/CalendarDataProvider
Event: 0.206 Loading class java/util/spi/CalendarDataProvider done
Event: 0.206 Loading class sun/util/locale/provider/TimeZoneNameUtility$TimeZoneNameGetter
Event: 0.206 Loading class sun/util/locale/provider/TimeZoneNameUtility$TimeZoneNameGetter done
Event: 0.207 Loading class java/util/ResourceBundle$Control$CandidateListCache
Event: 0.207 Loading class java/util/ResourceBundle$Control$CandidateListCache done
Event: 0.207 Loading class java/util/ResourceBundle$SingleFormatControl
Event: 0.208 Loading class java/util/ResourceBundle$SingleFormatControl done
Event: 0.208 Loading class java/util/ResourceBundle$NoFallbackControl
Event: 0.208 Loading class java/util/ResourceBundle$NoFallbackControl done
Event: 0.209 Loading class java/util/Collections$UnmodifiableRandomAccessList
Event: 0.209 Loading class java/util/Collections$UnmodifiableRandomAccessList done
Event: 0.209 Loading class sun/util/locale/provider/JRELocaleProviderAdapter
Event: 0.209 Loading class sun/util/locale/provider/JRELocaleProviderAdapter done
Event: 0.210 Loading class sun/util/cldr/CLDRLocaleProviderAdapter
Event: 0.210 Loading class sun/util/cldr/CLDRLocaleProviderAdapter done
Event: 0.210 Loading class sun/util/cldr/CLDRBaseLocaleDataMetaInfo

Classes unloaded (0 events):
No events

Classes redefined (1 events):
Event: 0.165 Thread 0x00000257d657d330 redefined class name=java.lang.Throwable, count=1

Internal exceptions (3 events):
Event: 0.132 Thread 0x00000257b7b20890 Exception <a 'java/lang/NoSuchMethodError'{0x000000008bd6a750}: 'void java.lang.invoke.DirectMethodHandle$Holder.invokeStatic(java.lang.Object, java.lang.Object, java.lang.Object)'> (0x000000008bd6a750) 
thrown [s\open\src\hotspot\share\interpreter\linkResolver.cpp, line 773]
Event: 0.136 Thread 0x00000257b7b20890 Exception <a 'java/lang/NoSuchMethodError'{0x000000008bd81f28}: 'java.lang.Object java.lang.invoke.Invokers$Holder.invokeExact_MT(java.lang.Object, java.lang.Object, java.lang.Object, java.lang.Object, java.lang.Object)'> (0x000000008bd81f28) 
thrown [s\open\src\hotspot\share\interpreter\linkResolver.cpp, line 773]
Event: 0.164 Thread 0x00000257d6d08000 Exception <a 'java/lang/NoSuchMethodError'{0x000000008bc2f238}: 'void java.lang.invoke.DirectMethodHandle$Holder.invokeStatic(java.lang.Object, java.lang.Object)'> (0x000000008bc2f238) 
thrown [s\open\src\hotspot\share\interpreter\linkResolver.cpp, line 773]

ZGC Phase Switch (0 events):
No events

VM Operations (4 events):
Event: 0.105 Executing VM operation: HandshakeAllThreads (Deoptimize)
Event: 0.105 Executing VM operation: HandshakeAllThreads (Deoptimize) done
Event: 0.165 Executing VM operation: RedefineClasses
Event: 0.167 Executing VM operation: RedefineClasses done

Events (13 events):
Event: 0.031 Thread 0x00000257b7b20890 Thread added: 0x00000257b7b20890
Event: 0.042 Thread 0x00000257d6598130 Thread added: 0x00000257d6598130
Event: 0.042 Thread 0x00000257d659af40 Thread added: 0x00000257d659af40
Event: 0.043 Thread 0x00000257d659d0b0 Thread added: 0x00000257d659d0b0
Event: 0.043 Thread 0x00000257d659e0d0 Thread added: 0x00000257d659e0d0
Event: 0.043 Thread 0x00000257d659ec10 Thread added: 0x00000257d659ec10
Event: 0.043 Thread 0x00000257d65a88a0 Thread added: 0x00000257d65a88a0
Event: 0.043 Thread 0x00000257d6b24530 Thread added: 0x00000257d6b24530
Event: 0.043 Thread 0x00000257d6b24fc0 Thread added: 0x00000257d6b24fc0
Event: 0.098 Thread 0x00000257d6c06700 Thread added: 0x00000257d6c06700
Event: 0.142 Thread 0x00000257d6d08000 Thread added: 0x00000257d6d08000
Event: 0.168 Thread 0x00000257d6e1a550 Thread added: 0x00000257d6e1a550
Event: 0.198 Thread 0x000002581c0a71e0 Thread added: 0x000002581c0a71e0


Dynamic libraries:
0x00007ff6b9590000 - 0x00007ff6b95a0000 	C:\Program Files\Java\jdk-21\bin\java.exe
0x00007ff8248b0000 - 0x00007ff824ac7000 	C:\WINDOWS\SYSTEM32\ntdll.dll
0x00007ff824410000 - 0x00007ff8244d4000 	C:\WINDOWS\System32\KERNEL32.DLL
0x00007ff821b90000 - 0x00007ff821f60000 	C:\WINDOWS\System32\KERNELBASE.dll
0x00007ff8223c0000 - 0x00007ff8224d1000 	C:\WINDOWS\System32\ucrtbase.dll
0x00007ff800cf0000 - 0x00007ff800d09000 	C:\Program Files\Java\jdk-21\bin\jli.dll
0x00007ff8109a0000 - 0x00007ff8109bb000 	C:\Program Files\Java\jdk-21\bin\VCRUNTIME140.dll
0x00007ff8245c0000 - 0x00007ff824671000 	C:\WINDOWS\System32\ADVAPI32.dll
0x00007ff8247c0000 - 0x00007ff824867000 	C:\WINDOWS\System32\msvcrt.dll
0x00007ff823f90000 - 0x00007ff824037000 	C:\WINDOWS\System32\sechost.dll
0x00007ff821fe0000 - 0x00007ff822008000 	C:\WINDOWS\System32\bcrypt.dll
0x00007ff823660000 - 0x00007ff823774000 	C:\WINDOWS\System32\RPCRT4.dll
0x00007ff823db0000 - 0x00007ff823f5e000 	C:\WINDOWS\System32\USER32.dll
0x00007ff821b60000 - 0x00007ff821b86000 	C:\WINDOWS\System32\win32u.dll
0x00007ff824040000 - 0x00007ff824069000 	C:\WINDOWS\System32\GDI32.dll
0x00007ff8166c0000 - 0x00007ff816952000 	C:\WINDOWS\WinSxS\amd64_microsoft.windows.common-controls_6595b64144ccf1df_6.0.22621.4830_none_270fe7d773858e80\COMCTL32.dll
0x00007ff8220b0000 - 0x00007ff8221cb000 	C:\WINDOWS\System32\gdi32full.dll
0x00007ff822010000 - 0x00007ff8220aa000 	C:\WINDOWS\System32\msvcp_win.dll
0x00007ff816f10000 - 0x00007ff816f1a000 	C:\WINDOWS\SYSTEM32\VERSION.dll
0x00007ff823890000 - 0x00007ff8238c1000 	C:\WINDOWS\System32\IMM32.DLL
0x00007ff814890000 - 0x00007ff81489c000 	C:\Program Files\Java\jdk-21\bin\vcruntime140_1.dll
0x00007fffd4110000 - 0x00007fffd419e000 	C:\Program Files\Java\jdk-21\bin\msvcp140.dll
0x00007fff7e000000 - 0x00007fff7ed1a000 	C:\Program Files\Java\jdk-21\bin\server\jvm.dll
0x00007ff8238e0000 - 0x00007ff823951000 	C:\WINDOWS\System32\WS2_32.dll
0x00007ff8209d0000 - 0x00007ff820a1d000 	C:\WINDOWS\SYSTEM32\POWRPROF.dll
0x00007ff81a4f0000 - 0x00007ff81a524000 	C:\WINDOWS\SYSTEM32\WINMM.dll
0x00007ff8209b0000 - 0x00007ff8209c3000 	C:\WINDOWS\SYSTEM32\UMPDC.dll
0x00007ff820c60000 - 0x00007ff820c78000 	C:\WINDOWS\SYSTEM32\kernel.appcore.dll
0x00007ff804f30000 - 0x00007ff804f3a000 	C:\Program Files\Java\jdk-21\bin\jimage.dll
0x00007ff81f430000 - 0x00007ff81f662000 	C:\WINDOWS\SYSTEM32\DBGHELP.DLL
0x00007ff8239c0000 - 0x00007ff823d50000 	C:\WINDOWS\System32\combase.dll
0x00007ff8244e0000 - 0x00007ff8245b7000 	C:\WINDOWS\System32\OLEAUT32.dll
0x00007ff811fb0000 - 0x00007ff811fe2000 	C:\WINDOWS\SYSTEM32\dbgcore.DLL
0x00007ff821f60000 - 0x00007ff821fdb000 	C:\WINDOWS\System32\bcryptPrimitives.dll
0x00007ff819f70000 - 0x00007ff819f7f000 	C:\Program Files\Java\jdk-21\bin\instrument.dll
0x00007ff800cd0000 - 0x00007ff800cef000 	C:\Program Files\Java\jdk-21\bin\java.dll
0x00007fffd5f70000 - 0x00007fffd5f88000 	C:\Program Files\Java\jdk-21\bin\zip.dll
0x00007ff8225a0000 - 0x00007ff822e18000 	C:\WINDOWS\System32\SHELL32.dll
0x00007ff81fa70000 - 0x00007ff820380000 	C:\WINDOWS\SYSTEM32\windows.storage.dll
0x00007ff81f930000 - 0x00007ff81fa6f000 	C:\WINDOWS\SYSTEM32\wintypes.dll
0x00007ff823780000 - 0x00007ff82388a000 	C:\WINDOWS\System32\SHCORE.dll
0x00007ff823960000 - 0x00007ff8239be000 	C:\WINDOWS\System32\shlwapi.dll
0x00007ff821a90000 - 0x00007ff821abb000 	C:\WINDOWS\SYSTEM32\profapi.dll
0x00007fffa6350000 - 0x00007fffa6427000 	C:\Program Files\Java\jdk-21\bin\jsvml.dll
0x00007ff8037a0000 - 0x00007ff8037b0000 	C:\Program Files\Java\jdk-21\bin\net.dll
0x00007ff81b9a0000 - 0x00007ff81bacc000 	C:\WINDOWS\SYSTEM32\WINHTTP.dll
0x00007ff821110000 - 0x00007ff82117a000 	C:\WINDOWS\system32\mswsock.dll
0x00007fffec5d0000 - 0x00007fffec5e6000 	C:\Program Files\Java\jdk-21\bin\nio.dll
0x00007ff804270000 - 0x00007ff80428a000 	C:\Program Files\JetBrains\IntelliJ IDEA 2024.3.2.2\bin\breakgen64.dll
0x00007ff800570000 - 0x00007ff800579000 	C:\Program Files\Java\jdk-21\bin\extnet.dll

dbghelp: loaded successfully - version: 4.0.5 - missing functions: none
symbol engine: initialized successfully - sym options: 0x614 - pdb path: .;C:\Program Files\Java\jdk-21\bin;C:\WINDOWS\SYSTEM32;C:\WINDOWS\WinSxS\amd64_microsoft.windows.common-controls_6595b64144ccf1df_6.0.22621.4830_none_270fe7d773858e80;C:\Program Files\Java\jdk-21\bin\server;C:\Program Files\JetBrains\IntelliJ IDEA 2024.3.2.2\bin

VM Arguments:
jvm_args: -ea -Didea.test.cyclic.buffer.size=1048576 -javaagent:C:\Program Files\JetBrains\IntelliJ IDEA 2024.3.2.2\lib\idea_rt.jar=55953:C:\Program Files\JetBrains\IntelliJ IDEA 2024.3.2.2\bin -javaagent:C:\Users\21628\AppData\Local\JetBrains\IntelliJIdea2024.3\captureAgent\debugger-agent.jar -Dkotlinx.coroutines.debug.enable.creation.stack.trace=false -Ddebugger.agent.enable.coroutines=true -Dkotlinx.coroutines.debug.enable.flows.stack.trace=true -Dkotlinx.coroutines.debug.enable.mutable.state.flows.stack.trace=true -Dfile.encoding=UTF-8 -Dsun.stdout.encoding=UTF-8 -Dsun.stderr.encoding=UTF-8 
java_command: com.intellij.rt.junit.JUnitStarter -ideVersion5 -junit5 ecommerce.rj.ECommerceApplicationTests
java_class_path (initial): C:\Users\21628\.m2\repository\org\junit\platform\junit-platform-launcher\1.11.4\junit-platform-launcher-1.11.4.jar;C:\Program Files\JetBrains\IntelliJ IDEA 2024.3.2.2\lib\idea_rt.jar;C:\Program Files\JetBrains\IntelliJ IDEA 2024.3.2.2\plugins\junit\lib\junit5-rt.jar;C:\Program Files\JetBrains\IntelliJ IDEA 2024.3.2.2\plugins\junit\lib\junit-rt.jar;C:\Users\21628\IdeaProjects\e-commerce\target\test-classes;C:\Users\21628\IdeaProjects\e-commerce\target\classes;C:\Users\21628\.m2\repository\org\springframework\boot\spring-boot-starter-data-jpa\3.4.2\spring-boot-starter-data-jpa-3.4.2.jar;C:\Users\21628\.m2\repository\org\springframework\boot\spring-boot-starter\3.4.2\spring-boot-starter-3.4.2.jar;C:\Users\21628\.m2\repository\org\springframework\boot\spring-boot-starter-logging\3.4.2\spring-boot-starter-logging-3.4.2.jar;C:\Users\21628\.m2\repository\ch\qos\logback\logback-classic\1.5.16\logback-classic-1.5.16.jar;C:\Users\21628\.m2\repository\ch\qos\logback\logback-core\1.5.16\logback-core-1.5.16.jar;C:\Users\21628\.m2\repository\org\apache\logging\log4j\log4j-to-slf4j\2.24.3\log4j-to-slf4j-2.24.3.jar;C:\Users\21628\.m2\repository\org\apache\logging\log4j\log4j-api\2.24.3\log4j-api-2.24.3.jar;C:\Users\21628\.m2\repository\org\slf4j\jul-to-slf4j\2.0.16\jul-to-slf4j-2.0.16.jar;C:\Users\21628\.m2\repository\jakarta\annotation\jakarta.annotation-api\2.1.1\jakarta.annotation-api-2.1.1.jar;C:\Users\21628\.m2\repository\org\yaml\snakeyaml\2.3\snakeyaml-2.3.jar;C:\Users\21628\.m2\repository\org\springframework\boot\spring-boot-starter-jdbc\3.4.2\spring-boot-starter-jdbc-3.4.2.jar;C:\Users\21628\.m2\repository\com\zaxxer\HikariCP\5.1.0\HikariCP-5.1.0.jar;C:\Users\21628\.m2\repository\org\springframework\spring-jdbc\6.2.2\spring-jdbc-6.2.2.jar;C:\Users\21628\.m2\repository\org\hibernate\orm\hibernate-core\6.6.5.Final\hibernate-core-6.6.5.Final.jar;C:\Users\21628\.m2\repository\jakarta\persistence\jakarta.persistence-api\3.1.0\jakarta.persistence-api-3.1.0.jar;C:\Users\21628\.m2\repository\jakarta\transaction\jakarta.transaction-api\2.0.1\jakarta.transaction-api-2.0.1.jar;C:\Users\21628\.m2\repository\org\jboss\logging\jboss-logging\3.6.1.Final\jboss-logging-3.6.1.Final.jar;C:\Users\21628\.m2\repository\org\hibernate\common\hibernate-commons-annotations\7.0.3.Final\hibernate-commons-annotations-7.0.3.Final.jar;C:\Users\21628\.m2\repository\io\smallrye\jandex\3.2.0\jandex-3.2.0.jar;C:\Users\21628\.m2\repository\com\fasterxml\classmate\1.7.0\classmate-1.7.0.jar;C:\Users\21628\.m2\repository\net\bytebuddy\byte-buddy\1.15.11\byte-buddy-1.15.11.jar;C:\Users\21628\.m2\repository\org\glassfish\jaxb\jaxb-runtime\4.0.5\jaxb-runtime-4.0.5.jar;C:\Users\21628\.m2\repository\org\glassfish\jaxb\jaxb-core\4.0.5\jaxb-core-4.0.5.jar;C:\Users\21628\.m2\repository\org\eclipse\angus\angus-activation\2.0.2\angus-activation-2.0.2.jar;C:\Users\21628\.m2\repository\org\glassfish\jaxb\txw2\4.0.5\txw2-4.0.5.jar;C:\Users\21628\.m2\repository\com\sun\istack\istack-commons-runtime\4.1.2\istack-commons-runtime-4.1.2.jar;C:\Users\21628\.m2\repository\jakarta\inject\jakarta.inject-api\2.0.1\jakarta.inject-api-2.0.1.jar;C:\Users\21628\.m2\repository\org\antlr\antlr4-runtime\4.13.0\antlr4-runtime-4.13.0.jar;C:\Users\21628\.m2\repository\org\springframework\data\spring-data-jpa\3.4.2\spring-data-jpa-3.4.2.jar;C:\Users\21628\.m2\repository\org\springframework\data\spring-data-commons\3.4.2\spring-data-commons-3.4.2.jar;C:\Users\21628\.m2\repository\org\springframework\spring-orm\6.2.2\spring-orm-6.2.2.jar;C:\Users\21628\.m2\repository\org\springframework\spring-context\6.2.2\spring-context-6.2.2.jar;C:\Users\21628\.m2\repository\org\springframework\spring-aop\6.2.2\spring-aop-6.2.2.jar;C:\Users\21628\.m2\repository\org\springframework\spring-tx\6.2.2\spring-tx-6.2.2.jar;C:\Users\21628\.m2\repository\org\springframework\spring-beans\6.2.2\spring-beans-6.2.2.jar;C:\Users\21628\.m2\repository\org\slf4j\slf4j-api\2.0.16\slf4j-api-2.0.16.jar;C:\Users\21628\.m2\repository\org\springframework\spring-aspects\6.2.2\spring-aspects-6.2.2.jar;C:\Users\21628\.m2\repository\org\aspectj\aspectjweaver\1.9.22.1\aspectjweaver-1.9.22.1.jar;C:\Users\21628\.m2\repository\org\springframework\boot\spring-boot-starter-thymeleaf\3.4.2\spring-boot-starter-thymeleaf-3.4.2.jar;C:\Users\21628\.m2\repository\org\thymeleaf\thymeleaf-spring6\3.1.3.RELEASE\thymeleaf-spring6-3.1.3.RELEASE.jar;C:\Users\21628\.m2\repository\org\thymeleaf\thymeleaf\3.1.3.RELEASE\thymeleaf-3.1.3.RELEASE.jar;C:\Users\21628\.m2\repository\org\attoparser\attoparser\2.0.7.RELEASE\attoparser-2.0.7.RELEASE.jar;C:\Users\21628\.m2\repository\org\unbescape\unbescape\1.1.6.RELEASE\unbescape-1.1.6.RELEASE.jar;C:\Users\21628\.m2\repository\org\springframework\boot\spring-boot-starter-web\3.4.2\spring-boot-starter-web-3.4.2.jar;C:\Users\21628\.m2\repository\org\springframework\boot\spring-boot-starter-json\3.4.2\spring-boot-starter-json-3.4.2.jar;C:\Users\21628\.m2\repository\com\fasterxml\jackson\core\jackson-databind\2.18.2\jackson-databind-2.18.2.jar;C:\Users\21628\.m2\repository\com\fasterxml\jackson\core\jackson-annotations\2.18.2\jackson-annotations-2.18.2.jar;C:\Users\21628\.m2\repository\com\fasterxml\jackson\core\jackson-core\2.18.2\jackson-core-2.18.2.jar;C:\Users\21628\.m2\repository\com\fasterxml\jackson\datatype\jackson-datatype-jdk8\2.18.2\jackson-datatype-jdk8-2.18.2.jar;C:\Users\21628\.m2\repository\com\fasterxml\jackson\datatype\jackson-datatype-jsr310\2.18.2\jackson-datatype-jsr310-2.18.2.jar;C:\Users\21628\.m2\repository\com\fasterxml\jackson\module\jackson-module-parameter-names\2.18.2\jackson-module-parameter-names-2.18.2.jar;C:\Users\21628\.m2\repository\org\springframework\boot\spring-boot-starter-tomcat\3.4.2\spring-boot-starter-tomcat-3.4.2.jar;C:\Users\21628\.m2\repository\org\apache\tomcat\embed\tomcat-embed-core\10.1.34\tomcat-embed-core-10.1.34.jar;C:\Users\21628\.m2\repository\org\apache\tomcat\embed\tomcat-embed-el\10.1.34\tomcat-embed-el-10.1.34.jar;C:\Users\21628\.m2\repository\org\apache\tomcat\embed\tomcat-embed-websocket\10.1.34\tomcat-embed-websocket-10.1.34.jar;C:\Users\21628\.m2\repository\org\springframework\spring-web\6.2.2\spring-web-6.2.2.jar;C:\Users\21628\.m2\repository\io\micrometer\micrometer-observation\1.14.3\micrometer-observation-1.14.3.jar;C:\Users\21628\.m2\repository\io\micrometer\micrometer-commons\1.14.3\micrometer-commons-1.14.3.jar;C:\Users\21628\.m2\repository\org\springframework\spring-webmvc\6.2.2\spring-webmvc-6.2.2.jar;C:\Users\21628\.m2\repository\org\springframework\spring-expression\6.2.2\spring-expression-6.2.2.jar;C:\Users\21628\.m2\repository\org\springframework\boot\spring-boot-devtools\3.4.2\spring-boot-devtools-3.4.2.jar;C:\Users\21628\.m2\repository\org\springframework\boot\spring-boot\3.4.2\spring-boot-3.4.2.jar;C:\Users\21628\.m2\repository\org\springframework\boot\spring-boot-autoconfigure\3.4.2\spring-boot-autoconfigure-3.4.2.jar;C:\Users\21628\.m2\repository\com\mysql\mysql-connector-j\9.1.0\mysql-connector-j-9.1.0.jar;C:\Users\21628\.m2\repository\org\projectlombok\lombok\1.18.36\lombok-1.18.36.jar;C:\Users\21628\.m2\repository\org\springframework\boot\spring-boot-starter-test\3.4.2\spring-boot-starter-test-3.4.2.jar;C:\Users\21628\.m2\repository\org\springframework\boot\spring-boot-test\3.4.2\spring-boot-test-3.4.2.jar;C:\Users\21628\.m2\repository\org\springframework\boot\spring-boot-test-autoconfigure\3.4.2\spring-boot-test-autoconfigure-3.4.2.jar;C:\Users\21628\.m2\repository\com\jayway\jsonpath\json-path\2.9.0\json-path-2.9.0.jar;C:\Users\21628\.m2\repository\jakarta\xml\bind\jakarta.xml.bind-api\4.0.2\jakarta.xml.bind-api-4.0.2.jar;C:\Users\21628\.m2\repository\jakarta\activation\jakarta.activation-api\2.1.3\jakarta.activation-api-2.1.3.jar;C:\Users\21628\.m2\repository\net\minidev\json-smart\2.5.1\json-smart-2.5.1.jar;C:\Users\21628\.m2\repository\net\minidev\accessors-smart\2.5.1\accessors-smart-2.5.1.jar;C:\Users\21628\.m2\repository\org\ow2\asm\asm\9.6\asm-9.6.jar;C:\Users\21628\.m2\repository\org\assertj\assertj-core\3.26.3\assertj-core-3.26.3.jar;C:\Users\21628\.m2\repository\org\awaitility\awaitility\4.2.2\awaitility-4.2.2.jar;C:\Users\21628\.m2\repository\org\hamcrest\hamcrest\2.2\hamcrest-2.2.jar;C:\Users\21628\.m2\repository\org\junit\jupiter\junit-jupiter\5.11.4\junit-jupiter-5.11.4.jar;C:\Users\21628\.m2\repository\org\junit\jupiter\junit-jupiter-api\5.11.4\junit-jupiter-api-5.11.4.jar;C:\Users\21628\.m2\repository\org\opentest4j\opentest4j\1.3.0\opentest4j-1.3.0.jar;C:\Users\21628\.m2\repository\org\junit\platform\junit-platform-commons\1.11.4\junit-platform-commons-1.11.4.jar;C:\Users\21628\.m2\repository\org\apiguardian\apiguardian-api\1.1.2\apiguardian-api-1.1.2.jar;C:\Users\21628\.m2\repository\org\junit\jupiter\junit-jupiter-params\5.11.4\junit-jupiter-params-5.11.4.jar;C:\Users\21628\.m2\repository\org\junit\jupiter\junit-jupiter-engine\5.11.4\junit-jupiter-engine-5.11.4.jar;C:\Users\21628\.m2\repository\org\junit\platform\junit-platform-engine\1.11.4\junit-platform-engine-1.11.4.jar;C:\Users\21628\.m2\repository\org\mockito\mockito-core\5.14.2\mockito-core-5.14.2.jar;C:\Users\21628\.m2\repository\net\bytebuddy\byte-buddy-agent\1.15.11\byte-buddy-agent-1.15.11.jar;C:\Users\21628\.m2\repository\org\objenesis\objenesis\3.3\objenesis-3.3.jar;C:\Users\21628\.m2\repository\org\mockito\mockito-junit-jupiter\5.14.2\mockito-junit-jupiter-5.14.2.jar;C:\Users\21628\.m2\repository\org\skyscreamer\jsonassert\1.5.3\jsonassert-1.5.3.jar;C:\Users\21628\.m2\repository\com\vaadin\external\google\android-json\0.0.20131108.vaadin1\android-json-0.0.20131108.vaadin1.jar;C:\Users\21628\.m2\repository\org\springframework\spring-core\6.2.2\spring-core-6.2.2.jar;C:\Users\21628\.m2\repository\org\springframework\spring-jcl\6.2.2\spring-jcl-6.2.2.jar;C:\Users\21628\.m2\repository\org\springframework\spring-test\6.2.2\spring-test-6.2.2.jar;C:\Users\21628\.m2\repository\org\xmlunit\xmlunit-core\2.10.0\xmlunit-core-2.10.0.jar
Launcher Type: SUN_STANDARD

[Global flags]
     intx CICompilerCount                          = 4                                         {product} {ergonomic}
     uint ConcGCThreads                            = 3                                         {product} {ergonomic}
     uint G1ConcRefinementThreads                  = 10                                        {product} {ergonomic}
   size_t G1HeapRegionSize                         = 1048576                                   {product} {ergonomic}
    uintx GCDrainStackTargetSize                   = 64                                        {product} {ergonomic}
   size_t InitialHeapSize                          = 130023424                                 {product} {ergonomic}
   size_t MarkStackSize                            = 4194304                                   {product} {ergonomic}
   size_t MaxHeapSize                              = 2076180480                                {product} {ergonomic}
   size_t MaxNewSize                               = 1245708288                                {product} {ergonomic}
   size_t MinHeapDeltaBytes                        = 1048576                                   {product} {ergonomic}
   size_t MinHeapSize                              = 8388608                                   {product} {ergonomic}
    uintx NonNMethodCodeHeapSize                   = 5839372                                {pd product} {ergonomic}
    uintx NonProfiledCodeHeapSize                  = 122909434                              {pd product} {ergonomic}
    uintx ProfiledCodeHeapSize                     = 122909434                              {pd product} {ergonomic}
    uintx ReservedCodeCacheSize                    = 251658240                              {pd product} {ergonomic}
     bool SegmentedCodeCache                       = true                                      {product} {ergonomic}
   size_t SoftMaxHeapSize                          = 2076180480                             {manageable} {ergonomic}
     bool UseCompressedOops                        = true                           {product lp64_product} {ergonomic}
     bool UseG1GC                                  = true                                      {product} {ergonomic}
     bool UseLargePagesIndividualAllocation        = false                                  {pd product} {ergonomic}

Logging:
Log output configuration:
 #0: stdout all=warning uptime,level,tags foldmultilines=false
 #1: stderr all=off uptime,level,tags foldmultilines=false

Environment Variables:
PATH=C:\Program Files\Common Files\Oracle\Java\javapath;C:\Program Files\OpenSSL-Win64\bin;C:\Python311\Scripts\;C:\Python311\;C:\Windows\system32;C:\Windows;C:\Windows\System32\Wbem;C:\Windows\System32\WindowsPowerShell\v1.0\;C:\Windows\System32\OpenSSH\;C:\Program Files (x86)\NVIDIA Corporation\PhysX\Common;C:\WINDOWS\system32;C:\WINDOWS;C:\WINDOWS\System32\Wbem;C:\WINDOWS\System32\WindowsPowerShell\v1.0\;C:\WINDOWS\System32\OpenSSH\;C:\Program Files\Microsoft SQL Server\Client SDK\ODBC\170\Tools\Binn\;C:\Program Files (x86)\Microsoft SQL Server\160\Tools\Binn\;C:\Program Files\Microsoft SQL Server\160\Tools\Binn\;C:\Program Files\Microsoft SQL Server\160\DTS\Binn\;C:\Program Files\Azure Data Studio\bin;C:\Program Files\dotnet\;C:\ProgramData\chocolatey\bin;C:\Program Files\nodejs\;C:\Program Files\NVIDIA Corporation\NVIDIA app\NvDLISR;C:\Users\21628\Downloads\apache-maven-4.0.0-rc-2-bin\apache-maven-4.0.0-rc-2\bin;C:\Program Files\Java\jdk-21\bin;C:\Program Files\MySQL\MySQL Server 8.0\bin;C:\Program Files\Git\cmd;C:\Users\21628\Downloads\apache-maven-3.9.9-bin\apache-maven-3.9.9\bin;C:\Program Files\MySQL\MySQL Shell 8.0\bin\;C:\Users\21628\AppData\Local\Programs\Python\Python311\Scripts\;C:\Users\21628\AppData\Local\Programs\Python\Python311\;C:\Users\21628\AppData\Local\Microsoft\WindowsApps;C:\Program Files\Azure Data Studio\bin;C:\Users\21628\.dotnet\tools;C:\Users\21628\AppData\Local\Programs\Microsoft VS Code\bin;C:\Users\21628\AppData\Roaming\npm;C:\Program Files\JetBrains\PyCharm 2024.3.1\bin;;C:\Users\21628\AppData\Local\GitHubDesktop\bin;C:\Program Files\JetBrains\IntelliJ IDEA 2024.3.2.2\bin;;C:\Users\21628\Downloads\apache-maven-4.0.0-rc-2-bin\apache-maven-4.0.0-rc-2\bin;C:\Program Files\Java\jdk-21\bin;C:\Users\21628\Downloads\apache-maven-3.9.9-bin\apache-maven-3.9.9\bin;
USERNAME=21628
OS=Windows_NT
PROCESSOR_IDENTIFIER=Intel64 Family 6 Model 141 Stepping 1, GenuineIntel
TMP=C:\Users\21628\AppData\Local\Temp
TEMP=C:\Users\21628\AppData\Local\Temp




Periodic native trim disabled

---------------  S Y S T E M  ---------------

OS:
 Windows 11 , 64 bit Build 22621 (10.0.22621.4830)
OS uptime: 0 days 1:53 hours
Hyper-V role detected

CPU: total 12 (initial active 12) (6 cores per cpu, 2 threads per core) family 6 model 141 stepping 1 microcode 0x34, cx8, cmov, fxsr, ht, mmx, 3dnowpref, sse, sse2, sse3, ssse3, sse4.1, sse4.2, popcnt, lzcnt, tsc, tscinvbit, avx, avx2, aes, erms, clmul, bmi1, bmi2, adx, avx512f, avx512dq, avx512cd, avx512bw, avx512vl, sha, fma, vzeroupper, avx512_vpopcntdq, avx512_vpclmulqdq, avx512_vaes, avx512_vnni, clflush, clflushopt, clwb, avx512_vbmi2, avx512_vbmi, hv, rdtscp, rdpid, fsrm, gfni, avx512_bitalg, f16c, cet_ibt, cet_ss, avx512_ifma
Processor Information for all 12 processors :
  Max Mhz: 2688, Current Mhz: 2688, Mhz Limit: 2688

Memory: 4k page, system-wide physical 7913M (433M free)
TotalPageFile size 22913M (AvailPageFile size 0M)
current process WorkingSet (physical memory assigned to process): 51M, peak: 51M
current process commit charge ("private bytes"): 215M, peak: 216M

vm_info: Java HotSpot(TM) 64-Bit Server VM (21.0.6+8-LTS-188) for windows-amd64 JRE (21.0.6+8-LTS-188), built on 2024-12-03T10:50:54Z by "mach5one" with MS VC++ 17.6 (VS2022)

END.
